<?xml version="1.0" encoding="UTF-8"?>
<!-- Generated by org.testng.reporters.JUnitReportReporter -->
<testsuite skipped="0" hostname="DESKTOP-9OC71GV" name="com.testannotations.TestAnnotations" tests="2" failures="0" timestamp="2020-08-29T10:38:55 CDT" time="0.008" errors="0">
  <testcase name="Test2" time="0.001" classname="com.testannotations.TestAnnotations"/>
  <system-out/>
  <testcase name="Test1" time="0.007" classname="com.testannotations.TestAnnotations"/>
  <system-out/>
</testsuite> <!-- com.testannotations.TestAnnotations -->
